2026-04-09 21:10:59,667 [Worker-8: Loading available Gradle versions] INFO  o.e.b.c.i.u.g.PublishedGradleVersions - Gradle version information cache is not available. Remote download required.
2026-04-09 21:13:05,500 [Worker-18: Building] INFO  o.e.m.c.i.l.LifecycleMappingFactory - Using org.eclipse.m2e.jdt.JarLifecycleMapping lifecycle mapping for MavenProject: ca.sheridancollege.rajmanas:FINAL_GATEWAY_Janasi_Rajput:0.0.1-SNAPSHOT @ /Users/janasirajput/eclipse-workspace/FINAL_EXAM-2026/FINAL_GATEWAY_Janasi_Rajput/pom.xml.
2026-04-09 21:13:05,597 [Worker-18: Building] WARN  o.e.m.c.i.embedder.EclipseLogger - The POM for ca.sheridancollege.rajmanas:FINAL_MICRO1_Janasi_Rajput:jar:0.0.1-SNAPSHOT is missing, no dependency information available
2026-04-09 21:13:05,598 [Worker-18: Building] WARN  o.e.m.c.i.embedder.EclipseLogger - The POM for ca.sheridancollege.rajmanas:FINAL_MICRO2_Janasi_Rajput:jar:0.0.1-SNAPSHOT is missing, no dependency information available
2026-04-09 21:13:05,913 [Worker-18: Building] INFO  o.a.m.s.f.DefaultMavenResourcesFiltering - Copying 1 resource from src/main/resources to target/classes
2026-04-09 21:13:05,921 [Worker-18: Building] INFO  o.a.m.s.f.DefaultMavenResourcesFiltering - Copying 0 resource from src/main/resources to target/classes
2026-04-09 21:13:05,923 [Worker-18: Building] INFO  o.a.m.s.f.DefaultMavenResourcesFiltering - skip non existing resourceDirectory /Users/janasirajput/eclipse-workspace/FINAL_EXAM-2026/FINAL_GATEWAY_Janasi_Rajput/src/test/resources
2026-04-09 21:13:06,235 [Worker-18: Building] INFO  o.e.m.c.i.l.LifecycleMappingFactory - Using org.eclipse.m2e.jdt.JarLifecycleMapping lifecycle mapping for MavenProject: ca.sheridancollege.rajmanas:FINAL_MICRO1_Janasi_Rajput:0.0.1-SNAPSHOT @ /Users/janasirajput/eclipse-workspace/FINAL_EXAM-2026/FINAL_MICRO1_Janasi_Rajput/pom.xml.
2026-04-09 21:13:06,464 [Worker-18: Building] INFO  o.e.m.c.i.l.LifecycleMappingFactory - Using org.eclipse.m2e.jdt.JarLifecycleMapping lifecycle mapping for MavenProject: ca.sheridancollege.rajmanas:FINAL_GATEWAY_Janasi_Rajput:0.0.1-SNAPSHOT @ /Users/janasirajput/eclipse-workspace/FINAL_EXAM-2026/FINAL_GATEWAY_Janasi_Rajput/pom.xml.
2026-04-09 21:13:06,480 [Worker-18: Building] WARN  o.e.m.c.i.embedder.EclipseLogger - The POM for ca.sheridancollege.rajmanas:FINAL_MICRO2_Janasi_Rajput:jar:0.0.1-SNAPSHOT is missing, no dependency information available
2026-04-09 21:13:06,487 [Worker-18: Building] INFO  o.e.m.c.i.p.WorkspaceClassifierResolverManager - Resolving P/FINAL_MICRO1_Janasi_Rajput: ca.sheridancollege.rajmanas:FINAL_MICRO1_Janasi_Rajput:0.0.1-SNAPSHOT with classifier  to /FINAL_MICRO1_Janasi_Rajput/target/classes
2026-04-09 21:13:06,655 [Worker-18: Building] INFO  o.a.m.s.f.DefaultMavenResourcesFiltering - Copying 2 resources from src/main/resources to target/classes
2026-04-09 21:13:06,664 [Worker-18: Building] INFO  o.a.m.s.f.DefaultMavenResourcesFiltering - Copying 0 resource from src/main/resources to target/classes
2026-04-09 21:13:06,667 [Worker-18: Building] INFO  o.a.m.s.f.DefaultMavenResourcesFiltering - skip non existing resourceDirectory /Users/janasirajput/eclipse-workspace/FINAL_EXAM-2026/FINAL_MICRO1_Janasi_Rajput/src/test/resources
2026-04-09 21:13:06,866 [Worker-34: Download sources and javadoc] ERROR o.e.m.j.internal.DownloadSourcesJob - Could not download sources for ca.sheridancollege.rajmanas:FINAL_MICRO1_Janasi_Rajput:0.0.1-SNAPSHOT
org.eclipse.core.runtime.CoreException: Could not resolve artifact ca.sheridancollege.rajmanas:FINAL_MICRO1_Janasi_Rajput:jar:sources:0.0.1-SNAPSHOT
	at org.eclipse.m2e.core.internal.embedder.MavenImpl.lambda$7(MavenImpl.java:540)
	at org.eclipse.m2e.core.internal.embedder.MavenExecutionContext.executeBare(MavenExecutionContext.java:458)
	at org.eclipse.m2e.core.internal.embedder.MavenExecutionContext.execute(MavenExecutionContext.java:292)
	at org.eclipse.m2e.core.internal.embedder.MavenExecutionContext.execute(MavenExecutionContext.java:278)
	at org.eclipse.m2e.core.internal.embedder.MavenImpl.resolve(MavenImpl.java:509)
	at org.eclipse.m2e.core.internal.embedder.MavenImpl.resolve(MavenImpl.java:494)
	at org.eclipse.m2e.jdt.internal.DownloadSourcesJob.download(DownloadSourcesJob.java:308)
	at org.eclipse.m2e.jdt.internal.DownloadSourcesJob.downloadAttachments(DownloadSourcesJob.java:282)
	at org.eclipse.m2e.jdt.internal.DownloadSourcesJob.downloadMaven(DownloadSourcesJob.java:252)
	at org.eclipse.m2e.jdt.internal.DownloadSourcesJob.downloadFilesAndPopulateToUpdate(DownloadSourcesJob.java:220)
	at org.eclipse.m2e.jdt.internal.DownloadSourcesJob.lambda$0(DownloadSourcesJob.java:149)
	at org.eclipse.m2e.core.internal.embedder.MavenExecutionContext.executeBare(MavenExecutionContext.java:458)
	at org.eclipse.m2e.core.internal.embedder.MavenExecutionContext.execute(MavenExecutionContext.java:339)
	at org.eclipse.m2e.core.internal.embedder.MavenExecutionContext.execute(MavenExecutionContext.java:278)
	at org.eclipse.m2e.core.embedder.IMaven.execute(IMaven.java:300)
	at org.eclipse.m2e.jdt.internal.DownloadSourcesJob.run(DownloadSourcesJob.java:149)
	at org.eclipse.core.internal.jobs.Worker.run(Worker.java:63)
2026-04-09 21:13:06,875 [Worker-34: Download sources and javadoc] ERROR o.e.m.j.internal.DownloadSourcesJob - Could not download sources for ca.sheridancollege.rajmanas:FINAL_MICRO2_Janasi_Rajput:0.0.1-SNAPSHOT
org.eclipse.core.runtime.CoreException: Could not resolve artifact ca.sheridancollege.rajmanas:FINAL_MICRO2_Janasi_Rajput:jar:sources:0.0.1-SNAPSHOT
	at org.eclipse.m2e.core.internal.embedder.MavenImpl.lambda$7(MavenImpl.java:540)
	at org.eclipse.m2e.core.internal.embedder.MavenExecutionContext.executeBare(MavenExecutionContext.java:458)
	at org.eclipse.m2e.core.internal.embedder.MavenExecutionContext.execute(MavenExecutionContext.java:292)
	at org.eclipse.m2e.core.internal.embedder.MavenExecutionContext.execute(MavenExecutionContext.java:278)
	at org.eclipse.m2e.core.internal.embedder.MavenImpl.resolve(MavenImpl.java:509)
	at org.eclipse.m2e.core.internal.embedder.MavenImpl.resolve(MavenImpl.java:494)
	at org.eclipse.m2e.jdt.internal.DownloadSourcesJob.download(DownloadSourcesJob.java:308)
	at org.eclipse.m2e.jdt.internal.DownloadSourcesJob.downloadAttachments(DownloadSourcesJob.java:282)
	at org.eclipse.m2e.jdt.internal.DownloadSourcesJob.downloadMaven(DownloadSourcesJob.java:252)
	at org.eclipse.m2e.jdt.internal.DownloadSourcesJob.downloadFilesAndPopulateToUpdate(DownloadSourcesJob.java:220)
	at org.eclipse.m2e.jdt.internal.DownloadSourcesJob.lambda$0(DownloadSourcesJob.java:149)
	at org.eclipse.m2e.core.internal.embedder.MavenExecutionContext.executeBare(MavenExecutionContext.java:458)
	at org.eclipse.m2e.core.internal.embedder.MavenExecutionContext.execute(MavenExecutionContext.java:339)
	at org.eclipse.m2e.core.internal.embedder.MavenExecutionContext.execute(MavenExecutionContext.java:278)
	at org.eclipse.m2e.core.embedder.IMaven.execute(IMaven.java:300)
	at org.eclipse.m2e.jdt.internal.DownloadSourcesJob.run(DownloadSourcesJob.java:149)
	at org.eclipse.core.internal.jobs.Worker.run(Worker.java:63)
2026-04-09 21:13:06,977 [Worker-18: Building] INFO  o.a.m.s.f.DefaultMavenResourcesFiltering - Copying 2 resources from src/main/resources to target/classes
2026-04-09 21:13:06,978 [Worker-18: Building] INFO  o.a.m.s.f.DefaultMavenResourcesFiltering - Copying 0 resource from src/main/resources to target/classes
2026-04-09 21:13:06,979 [Worker-18: Building] INFO  o.a.m.s.f.DefaultMavenResourcesFiltering - skip non existing resourceDirectory /Users/janasirajput/eclipse-workspace/FINAL_EXAM-2026/FINAL_MICRO1_Janasi_Rajput/src/test/resources
2026-04-09 21:13:07,213 [Worker-18: Building] INFO  o.e.m.c.i.l.LifecycleMappingFactory - Using org.eclipse.m2e.jdt.JarLifecycleMapping lifecycle mapping for MavenProject: ca.sheridancollege.rajmanas:FINAL_MICRO2_Janasi_Rajput:0.0.1-SNAPSHOT @ /Users/janasirajput/eclipse-workspace/FINAL_EXAM-2026/FINAL_MICRO2_Janasi_Rajput/pom.xml.
2026-04-09 21:13:07,383 [Worker-18: Building] INFO  o.e.m.c.i.l.LifecycleMappingFactory - Using org.eclipse.m2e.jdt.JarLifecycleMapping lifecycle mapping for MavenProject: ca.sheridancollege.rajmanas:FINAL_GATEWAY_Janasi_Rajput:0.0.1-SNAPSHOT @ /Users/janasirajput/eclipse-workspace/FINAL_EXAM-2026/FINAL_GATEWAY_Janasi_Rajput/pom.xml.
2026-04-09 21:13:07,424 [Worker-18: Building] INFO  o.e.m.c.i.p.WorkspaceClassifierResolverManager - Resolving P/FINAL_MICRO1_Janasi_Rajput: ca.sheridancollege.rajmanas:FINAL_MICRO1_Janasi_Rajput:0.0.1-SNAPSHOT with classifier  to /FINAL_MICRO1_Janasi_Rajput/target/classes
2026-04-09 21:13:07,426 [Worker-18: Building] INFO  o.e.m.c.i.p.WorkspaceClassifierResolverManager - Resolving P/FINAL_MICRO2_Janasi_Rajput: ca.sheridancollege.rajmanas:FINAL_MICRO2_Janasi_Rajput:0.0.1-SNAPSHOT with classifier  to /FINAL_MICRO2_Janasi_Rajput/target/classes
2026-04-09 21:13:07,536 [Worker-18: Building] INFO  o.a.m.s.f.DefaultMavenResourcesFiltering - Copying 2 resources from src/main/resources to target/classes
2026-04-09 21:13:07,543 [Worker-18: Building] INFO  o.a.m.s.f.DefaultMavenResourcesFiltering - Copying 0 resource from src/main/resources to target/classes
2026-04-09 21:13:07,546 [Worker-18: Building] INFO  o.a.m.s.f.DefaultMavenResourcesFiltering - skip non existing resourceDirectory /Users/janasirajput/eclipse-workspace/FINAL_EXAM-2026/FINAL_MICRO2_Janasi_Rajput/src/test/resources
2026-04-09 21:13:07,721 [Worker-30: Updating Maven Dependencies] INFO  o.e.m.c.i.l.LifecycleMappingFactory - Using org.eclipse.m2e.jdt.JarLifecycleMapping lifecycle mapping for MavenProject: ca.sheridancollege.rajmanas:FINAL_MICRO2_Janasi_Rajput:0.0.1-SNAPSHOT @ /Users/janasirajput/eclipse-workspace/FINAL_EXAM-2026/FINAL_MICRO2_Janasi_Rajput/pom.xml.
2026-04-09 21:13:07,772 [Worker-30: Updating Maven Dependencies] INFO  o.e.m.c.i.l.LifecycleMappingFactory - Using org.eclipse.m2e.jdt.JarLifecycleMapping lifecycle mapping for MavenProject: ca.sheridancollege.rajmanas:FINAL_MICRO1_Janasi_Rajput:0.0.1-SNAPSHOT @ /Users/janasirajput/eclipse-workspace/FINAL_EXAM-2026/FINAL_MICRO1_Janasi_Rajput/pom.xml.
2026-04-09 21:13:07,788 [Worker-30: Updating Maven Dependencies] INFO  o.e.m.c.i.l.LifecycleMappingFactory - Using org.eclipse.m2e.jdt.JarLifecycleMapping lifecycle mapping for MavenProject: ca.sheridancollege.rajmanas:FINAL_GATEWAY_Janasi_Rajput:0.0.1-SNAPSHOT @ /Users/janasirajput/eclipse-workspace/FINAL_EXAM-2026/FINAL_GATEWAY_Janasi_Rajput/pom.xml.
2026-04-09 21:13:07,812 [Worker-30: Updating Maven Dependencies] INFO  o.e.m.c.i.p.WorkspaceClassifierResolverManager - Resolving P/FINAL_MICRO1_Janasi_Rajput: ca.sheridancollege.rajmanas:FINAL_MICRO1_Janasi_Rajput:0.0.1-SNAPSHOT with classifier  to /FINAL_MICRO1_Janasi_Rajput/target/classes
2026-04-09 21:13:07,814 [Worker-30: Updating Maven Dependencies] INFO  o.e.m.c.i.p.WorkspaceClassifierResolverManager - Resolving P/FINAL_MICRO2_Janasi_Rajput: ca.sheridancollege.rajmanas:FINAL_MICRO2_Janasi_Rajput:0.0.1-SNAPSHOT with classifier  to /FINAL_MICRO2_Janasi_Rajput/target/classes
2026-04-09 21:13:08,688 [Worker-22: Building] INFO  o.a.m.s.f.DefaultMavenResourcesFiltering - Copying 1 resource from src/main/resources to target/classes
2026-04-09 21:13:08,694 [Worker-22: Building] INFO  o.a.m.s.f.DefaultMavenResourcesFiltering - Copying 0 resource from src/main/resources to target/classes
2026-04-09 21:13:08,696 [Worker-22: Building] INFO  o.a.m.s.f.DefaultMavenResourcesFiltering - skip non existing resourceDirectory /Users/janasirajput/eclipse-workspace/FINAL_EXAM-2026/FINAL_GATEWAY_Janasi_Rajput/src/test/resources
2026-04-09 21:13:08,775 [Worker-22: Building] INFO  o.a.m.s.f.DefaultMavenResourcesFiltering - Copying 2 resources from src/main/resources to target/classes
2026-04-09 21:13:08,776 [Worker-22: Building] INFO  o.a.m.s.f.DefaultMavenResourcesFiltering - Copying 0 resource from src/main/resources to target/classes
2026-04-09 21:13:08,777 [Worker-22: Building] INFO  o.a.m.s.f.DefaultMavenResourcesFiltering - skip non existing resourceDirectory /Users/janasirajput/eclipse-workspace/FINAL_EXAM-2026/FINAL_MICRO2_Janasi_Rajput/src/test/resources
2026-04-09 21:14:20,530 [Worker-30: Launching FINAL_GATEWAY_Janasi_Rajput - FinalGatewayJanasiRajputApplication] INFO  o.e.m.c.i.p.WorkspaceClassifierResolverManager - Resolving P/FINAL_MICRO1_Janasi_Rajput: ca.sheridancollege.rajmanas:FINAL_MICRO1_Janasi_Rajput:0.0.1-SNAPSHOT with classifier null to /FINAL_MICRO1_Janasi_Rajput/target/classes
2026-04-09 21:14:20,531 [Worker-30: Launching FINAL_GATEWAY_Janasi_Rajput - FinalGatewayJanasiRajputApplication] INFO  o.e.m.c.i.p.WorkspaceClassifierResolverManager - Resolving P/FINAL_MICRO2_Janasi_Rajput: ca.sheridancollege.rajmanas:FINAL_MICRO2_Janasi_Rajput:0.0.1-SNAPSHOT with classifier null to /FINAL_MICRO2_Janasi_Rajput/target/classes
2026-04-09 21:14:20,548 [Worker-30: Launching FINAL_GATEWAY_Janasi_Rajput - FinalGatewayJanasiRajputApplication] INFO  o.e.m.c.i.p.WorkspaceClassifierResolverManager - Resolving P/FINAL_MICRO1_Janasi_Rajput: ca.sheridancollege.rajmanas:FINAL_MICRO1_Janasi_Rajput:0.0.1-SNAPSHOT with classifier null to /FINAL_MICRO1_Janasi_Rajput/target/classes
2026-04-09 21:14:20,548 [Worker-30: Launching FINAL_GATEWAY_Janasi_Rajput - FinalGatewayJanasiRajputApplication] INFO  o.e.m.c.i.p.WorkspaceClassifierResolverManager - Resolving P/FINAL_MICRO2_Janasi_Rajput: ca.sheridancollege.rajmanas:FINAL_MICRO2_Janasi_Rajput:0.0.1-SNAPSHOT with classifier null to /FINAL_MICRO2_Janasi_Rajput/target/classes
2026-04-09 21:14:20,564 [Worker-30: Launching FINAL_GATEWAY_Janasi_Rajput - FinalGatewayJanasiRajputApplication] INFO  o.e.m.c.i.p.WorkspaceClassifierResolverManager - Resolving P/FINAL_MICRO1_Janasi_Rajput: ca.sheridancollege.rajmanas:FINAL_MICRO1_Janasi_Rajput:0.0.1-SNAPSHOT with classifier null to /FINAL_MICRO1_Janasi_Rajput/target/classes
2026-04-09 21:14:20,564 [Worker-30: Launching FINAL_GATEWAY_Janasi_Rajput - FinalGatewayJanasiRajputApplication] INFO  o.e.m.c.i.p.WorkspaceClassifierResolverManager - Resolving P/FINAL_MICRO2_Janasi_Rajput: ca.sheridancollege.rajmanas:FINAL_MICRO2_Janasi_Rajput:0.0.1-SNAPSHOT with classifier null to /FINAL_MICRO2_Janasi_Rajput/target/classes
2026-04-09 21:15:05,786 [Worker-25: Launching FINAL_GATEWAY_Janasi_Rajput - FinalGatewayJanasiRajputApplication] INFO  o.e.m.c.i.p.WorkspaceClassifierResolverManager - Resolving P/FINAL_MICRO1_Janasi_Rajput: ca.sheridancollege.rajmanas:FINAL_MICRO1_Janasi_Rajput:0.0.1-SNAPSHOT with classifier null to /FINAL_MICRO1_Janasi_Rajput/target/classes
2026-04-09 21:15:05,787 [Worker-25: Launching FINAL_GATEWAY_Janasi_Rajput - FinalGatewayJanasiRajputApplication] INFO  o.e.m.c.i.p.WorkspaceClassifierResolverManager - Resolving P/FINAL_MICRO2_Janasi_Rajput: ca.sheridancollege.rajmanas:FINAL_MICRO2_Janasi_Rajput:0.0.1-SNAPSHOT with classifier null to /FINAL_MICRO2_Janasi_Rajput/target/classes
2026-04-09 21:15:05,802 [Worker-25: Launching FINAL_GATEWAY_Janasi_Rajput - FinalGatewayJanasiRajputApplication] INFO  o.e.m.c.i.p.WorkspaceClassifierResolverManager - Resolving P/FINAL_MICRO1_Janasi_Rajput: ca.sheridancollege.rajmanas:FINAL_MICRO1_Janasi_Rajput:0.0.1-SNAPSHOT with classifier null to /FINAL_MICRO1_Janasi_Rajput/target/classes
2026-04-09 21:15:05,802 [Worker-25: Launching FINAL_GATEWAY_Janasi_Rajput - FinalGatewayJanasiRajputApplication] INFO  o.e.m.c.i.p.WorkspaceClassifierResolverManager - Resolving P/FINAL_MICRO2_Janasi_Rajput: ca.sheridancollege.rajmanas:FINAL_MICRO2_Janasi_Rajput:0.0.1-SNAPSHOT with classifier null to /FINAL_MICRO2_Janasi_Rajput/target/classes
2026-04-09 21:15:05,815 [Worker-25: Launching FINAL_GATEWAY_Janasi_Rajput - FinalGatewayJanasiRajputApplication] INFO  o.e.m.c.i.p.WorkspaceClassifierResolverManager - Resolving P/FINAL_MICRO1_Janasi_Rajput: ca.sheridancollege.rajmanas:FINAL_MICRO1_Janasi_Rajput:0.0.1-SNAPSHOT with classifier null to /FINAL_MICRO1_Janasi_Rajput/target/classes
2026-04-09 21:15:05,815 [Worker-25: Launching FINAL_GATEWAY_Janasi_Rajput - FinalGatewayJanasiRajputApplication] INFO  o.e.m.c.i.p.WorkspaceClassifierResolverManager - Resolving P/FINAL_MICRO2_Janasi_Rajput: ca.sheridancollege.rajmanas:FINAL_MICRO2_Janasi_Rajput:0.0.1-SNAPSHOT with classifier null to /FINAL_MICRO2_Janasi_Rajput/target/classes
2026-04-09 21:16:21,414 [Worker-32: Launching FINAL_GATEWAY_Janasi_Rajput - FinalGatewayJanasiRajputApplication] INFO  o.e.m.c.i.p.WorkspaceClassifierResolverManager - Resolving P/FINAL_MICRO1_Janasi_Rajput: ca.sheridancollege.rajmanas:FINAL_MICRO1_Janasi_Rajput:0.0.1-SNAPSHOT with classifier null to /FINAL_MICRO1_Janasi_Rajput/target/classes
2026-04-09 21:16:21,414 [Worker-32: Launching FINAL_GATEWAY_Janasi_Rajput - FinalGatewayJanasiRajputApplication] INFO  o.e.m.c.i.p.WorkspaceClassifierResolverManager - Resolving P/FINAL_MICRO2_Janasi_Rajput: ca.sheridancollege.rajmanas:FINAL_MICRO2_Janasi_Rajput:0.0.1-SNAPSHOT with classifier null to /FINAL_MICRO2_Janasi_Rajput/target/classes
2026-04-09 21:16:21,430 [Worker-32: Launching FINAL_GATEWAY_Janasi_Rajput - FinalGatewayJanasiRajputApplication] INFO  o.e.m.c.i.p.WorkspaceClassifierResolverManager - Resolving P/FINAL_MICRO1_Janasi_Rajput: ca.sheridancollege.rajmanas:FINAL_MICRO1_Janasi_Rajput:0.0.1-SNAPSHOT with classifier null to /FINAL_MICRO1_Janasi_Rajput/target/classes
2026-04-09 21:16:21,430 [Worker-32: Launching FINAL_GATEWAY_Janasi_Rajput - FinalGatewayJanasiRajputApplication] INFO  o.e.m.c.i.p.WorkspaceClassifierResolverManager - Resolving P/FINAL_MICRO2_Janasi_Rajput: ca.sheridancollege.rajmanas:FINAL_MICRO2_Janasi_Rajput:0.0.1-SNAPSHOT with classifier null to /FINAL_MICRO2_Janasi_Rajput/target/classes
2026-04-09 21:16:21,444 [Worker-32: Launching FINAL_GATEWAY_Janasi_Rajput - FinalGatewayJanasiRajputApplication] INFO  o.e.m.c.i.p.WorkspaceClassifierResolverManager - Resolving P/FINAL_MICRO1_Janasi_Rajput: ca.sheridancollege.rajmanas:FINAL_MICRO1_Janasi_Rajput:0.0.1-SNAPSHOT with classifier null to /FINAL_MICRO1_Janasi_Rajput/target/classes
2026-04-09 21:16:21,444 [Worker-32: Launching FINAL_GATEWAY_Janasi_Rajput - FinalGatewayJanasiRajputApplication] INFO  o.e.m.c.i.p.WorkspaceClassifierResolverManager - Resolving P/FINAL_MICRO2_Janasi_Rajput: ca.sheridancollege.rajmanas:FINAL_MICRO2_Janasi_Rajput:0.0.1-SNAPSHOT with classifier null to /FINAL_MICRO2_Janasi_Rajput/target/classes
2026-04-09 21:17:29,935 [Worker-31: Building] INFO  o.a.m.s.f.DefaultMavenResourcesFiltering - Copying 1 resource from src/main/resources to target/classes
2026-04-09 21:17:29,936 [Worker-31: Building] INFO  o.a.m.s.f.DefaultMavenResourcesFiltering - Copying 0 resource from src/main/resources to target/classes
2026-04-09 21:17:29,937 [Worker-31: Building] INFO  o.a.m.s.f.DefaultMavenResourcesFiltering - skip non existing resourceDirectory /Users/janasirajput/eclipse-workspace/FINAL_EXAM-2026/FINAL_GATEWAY_Janasi_Rajput/src/test/resources
2026-04-09 21:17:30,020 [Worker-31: Building] INFO  o.a.m.s.f.DefaultMavenResourcesFiltering - Copying 2 resources from src/main/resources to target/classes
2026-04-09 21:17:30,025 [Worker-31: Building] INFO  o.a.m.s.f.DefaultMavenResourcesFiltering - Copying 0 resource from src/main/resources to target/classes
2026-04-09 21:17:30,027 [Worker-31: Building] INFO  o.a.m.s.f.DefaultMavenResourcesFiltering - skip non existing resourceDirectory /Users/janasirajput/eclipse-workspace/FINAL_EXAM-2026/FINAL_MICRO1_Janasi_Rajput/src/test/resources
2026-04-09 21:17:30,078 [Worker-31: Building] INFO  o.a.m.s.f.DefaultMavenResourcesFiltering - Copying 2 resources from src/main/resources to target/classes
2026-04-09 21:17:30,079 [Worker-31: Building] INFO  o.a.m.s.f.DefaultMavenResourcesFiltering - Copying 0 resource from src/main/resources to target/classes
2026-04-09 21:17:30,080 [Worker-31: Building] INFO  o.a.m.s.f.DefaultMavenResourcesFiltering - skip non existing resourceDirectory /Users/janasirajput/eclipse-workspace/FINAL_EXAM-2026/FINAL_MICRO2_Janasi_Rajput/src/test/resources
2026-04-09 21:17:31,156 [Worker-30: Building] INFO  o.a.m.s.f.DefaultMavenResourcesFiltering - Copying 1 resource from src/main/resources to target/classes
2026-04-09 21:17:31,157 [Worker-30: Building] INFO  o.a.m.s.f.DefaultMavenResourcesFiltering - Copying 0 resource from src/main/resources to target/classes
2026-04-09 21:17:31,158 [Worker-30: Building] INFO  o.a.m.s.f.DefaultMavenResourcesFiltering - skip non existing resourceDirectory /Users/janasirajput/eclipse-workspace/FINAL_EXAM-2026/FINAL_GATEWAY_Janasi_Rajput/src/test/resources
2026-04-09 21:17:44,087 [Worker-31: Launching FINAL_GATEWAY_Janasi_Rajput - FinalGatewayJanasiRajputApplication] INFO  o.e.m.c.i.p.WorkspaceClassifierResolverManager - Resolving P/FINAL_MICRO1_Janasi_Rajput: ca.sheridancollege.rajmanas:FINAL_MICRO1_Janasi_Rajput:0.0.1-SNAPSHOT with classifier null to /FINAL_MICRO1_Janasi_Rajput/target/classes
2026-04-09 21:17:44,087 [Worker-31: Launching FINAL_GATEWAY_Janasi_Rajput - FinalGatewayJanasiRajputApplication] INFO  o.e.m.c.i.p.WorkspaceClassifierResolverManager - Resolving P/FINAL_MICRO2_Janasi_Rajput: ca.sheridancollege.rajmanas:FINAL_MICRO2_Janasi_Rajput:0.0.1-SNAPSHOT with classifier null to /FINAL_MICRO2_Janasi_Rajput/target/classes
2026-04-09 21:17:44,104 [Worker-31: Launching FINAL_GATEWAY_Janasi_Rajput - FinalGatewayJanasiRajputApplication] INFO  o.e.m.c.i.p.WorkspaceClassifierResolverManager - Resolving P/FINAL_MICRO1_Janasi_Rajput: ca.sheridancollege.rajmanas:FINAL_MICRO1_Janasi_Rajput:0.0.1-SNAPSHOT with classifier null to /FINAL_MICRO1_Janasi_Rajput/target/classes
2026-04-09 21:17:44,104 [Worker-31: Launching FINAL_GATEWAY_Janasi_Rajput - FinalGatewayJanasiRajputApplication] INFO  o.e.m.c.i.p.WorkspaceClassifierResolverManager - Resolving P/FINAL_MICRO2_Janasi_Rajput: ca.sheridancollege.rajmanas:FINAL_MICRO2_Janasi_Rajput:0.0.1-SNAPSHOT with classifier null to /FINAL_MICRO2_Janasi_Rajput/target/classes
2026-04-09 21:17:44,125 [Worker-31: Launching FINAL_GATEWAY_Janasi_Rajput - FinalGatewayJanasiRajputApplication] INFO  o.e.m.c.i.p.WorkspaceClassifierResolverManager - Resolving P/FINAL_MICRO1_Janasi_Rajput: ca.sheridancollege.rajmanas:FINAL_MICRO1_Janasi_Rajput:0.0.1-SNAPSHOT with classifier null to /FINAL_MICRO1_Janasi_Rajput/target/classes
2026-04-09 21:17:44,125 [Worker-31: Launching FINAL_GATEWAY_Janasi_Rajput - FinalGatewayJanasiRajputApplication] INFO  o.e.m.c.i.p.WorkspaceClassifierResolverManager - Resolving P/FINAL_MICRO2_Janasi_Rajput: ca.sheridancollege.rajmanas:FINAL_MICRO2_Janasi_Rajput:0.0.1-SNAPSHOT with classifier null to /FINAL_MICRO2_Janasi_Rajput/target/classes
2026-04-09 21:18:38,630 [Worker-29: Building] INFO  o.a.m.s.f.DefaultMavenResourcesFiltering - Copying 1 resource from src/main/resources to target/classes
2026-04-09 21:18:38,635 [Worker-29: Building] INFO  o.a.m.s.f.DefaultMavenResourcesFiltering - Copying 0 resource from src/main/resources to target/classes
2026-04-09 21:18:38,636 [Worker-29: Building] INFO  o.a.m.s.f.DefaultMavenResourcesFiltering - skip non existing resourceDirectory /Users/janasirajput/eclipse-workspace/FINAL_EXAM-2026/FINAL_GATEWAY_Janasi_Rajput/src/test/resources
2026-04-09 21:18:46,837 [Worker-31: Launching FINAL_GATEWAY_Janasi_Rajput - FinalGatewayJanasiRajputApplication] INFO  o.e.m.c.i.p.WorkspaceClassifierResolverManager - Resolving P/FINAL_MICRO1_Janasi_Rajput: ca.sheridancollege.rajmanas:FINAL_MICRO1_Janasi_Rajput:0.0.1-SNAPSHOT with classifier null to /FINAL_MICRO1_Janasi_Rajput/target/classes
2026-04-09 21:18:46,837 [Worker-31: Launching FINAL_GATEWAY_Janasi_Rajput - FinalGatewayJanasiRajputApplication] INFO  o.e.m.c.i.p.WorkspaceClassifierResolverManager - Resolving P/FINAL_MICRO2_Janasi_Rajput: ca.sheridancollege.rajmanas:FINAL_MICRO2_Janasi_Rajput:0.0.1-SNAPSHOT with classifier null to /FINAL_MICRO2_Janasi_Rajput/target/classes
2026-04-09 21:18:46,851 [Worker-31: Launching FINAL_GATEWAY_Janasi_Rajput - FinalGatewayJanasiRajputApplication] INFO  o.e.m.c.i.p.WorkspaceClassifierResolverManager - Resolving P/FINAL_MICRO1_Janasi_Rajput: ca.sheridancollege.rajmanas:FINAL_MICRO1_Janasi_Rajput:0.0.1-SNAPSHOT with classifier null to /FINAL_MICRO1_Janasi_Rajput/target/classes
2026-04-09 21:18:46,851 [Worker-31: Launching FINAL_GATEWAY_Janasi_Rajput - FinalGatewayJanasiRajputApplication] INFO  o.e.m.c.i.p.WorkspaceClassifierResolverManager - Resolving P/FINAL_MICRO2_Janasi_Rajput: ca.sheridancollege.rajmanas:FINAL_MICRO2_Janasi_Rajput:0.0.1-SNAPSHOT with classifier null to /FINAL_MICRO2_Janasi_Rajput/target/classes
2026-04-09 21:18:46,863 [Worker-31: Launching FINAL_GATEWAY_Janasi_Rajput - FinalGatewayJanasiRajputApplication] INFO  o.e.m.c.i.p.WorkspaceClassifierResolverManager - Resolving P/FINAL_MICRO1_Janasi_Rajput: ca.sheridancollege.rajmanas:FINAL_MICRO1_Janasi_Rajput:0.0.1-SNAPSHOT with classifier null to /FINAL_MICRO1_Janasi_Rajput/target/classes
2026-04-09 21:18:46,863 [Worker-31: Launching FINAL_GATEWAY_Janasi_Rajput - FinalGatewayJanasiRajputApplication] INFO  o.e.m.c.i.p.WorkspaceClassifierResolverManager - Resolving P/FINAL_MICRO2_Janasi_Rajput: ca.sheridancollege.rajmanas:FINAL_MICRO2_Janasi_Rajput:0.0.1-SNAPSHOT with classifier null to /FINAL_MICRO2_Janasi_Rajput/target/classes
2026-04-09 21:23:21,116 [Worker-29: Building] INFO  o.a.m.s.f.DefaultMavenResourcesFiltering - Copying 1 resource from src/main/resources to target/classes
2026-04-09 21:23:21,117 [Worker-29: Building] INFO  o.a.m.s.f.DefaultMavenResourcesFiltering - Copying 0 resource from src/main/resources to target/classes
2026-04-09 21:23:21,118 [Worker-29: Building] INFO  o.a.m.s.f.DefaultMavenResourcesFiltering - skip non existing resourceDirectory /Users/janasirajput/eclipse-workspace/FINAL_EXAM-2026/FINAL_GATEWAY_Janasi_Rajput/src/test/resources
2026-04-09 21:23:21,158 [Worker-29: Building] INFO  o.a.m.s.f.DefaultMavenResourcesFiltering - Copying 2 resources from src/main/resources to target/classes
2026-04-09 21:23:21,159 [Worker-29: Building] INFO  o.a.m.s.f.DefaultMavenResourcesFiltering - Copying 0 resource from src/main/resources to target/classes
2026-04-09 21:23:21,159 [Worker-29: Building] INFO  o.a.m.s.f.DefaultMavenResourcesFiltering - skip non existing resourceDirectory /Users/janasirajput/eclipse-workspace/FINAL_EXAM-2026/FINAL_MICRO1_Janasi_Rajput/src/test/resources
2026-04-09 21:23:21,196 [Worker-29: Building] INFO  o.a.m.s.f.DefaultMavenResourcesFiltering - Copying 2 resources from src/main/resources to target/classes
2026-04-09 21:23:21,196 [Worker-29: Building] INFO  o.a.m.s.f.DefaultMavenResourcesFiltering - Copying 0 resource from src/main/resources to target/classes
2026-04-09 21:23:21,197 [Worker-29: Building] INFO  o.a.m.s.f.DefaultMavenResourcesFiltering - skip non existing resourceDirectory /Users/janasirajput/eclipse-workspace/FINAL_EXAM-2026/FINAL_MICRO2_Janasi_Rajput/src/test/resources
2026-04-09 21:23:22,241 [Worker-30: Building] INFO  o.a.m.s.f.DefaultMavenResourcesFiltering - Copying 1 resource from src/main/resources to target/classes
2026-04-09 21:23:22,241 [Worker-30: Building] INFO  o.a.m.s.f.DefaultMavenResourcesFiltering - Copying 0 resource from src/main/resources to target/classes
2026-04-09 21:23:22,242 [Worker-30: Building] INFO  o.a.m.s.f.DefaultMavenResourcesFiltering - skip non existing resourceDirectory /Users/janasirajput/eclipse-workspace/FINAL_EXAM-2026/FINAL_GATEWAY_Janasi_Rajput/src/test/resources
